<?xml version="1.0" encoding="UTF-8"?>
<!-- Generated by org.testng.reporters.JUnitReportReporter -->
<testsuite hostname="INLM-ARAVINDHAK.local" failures="0" tests="1" name="Selenium.lambda.FormValidate" time="0.008" errors="0" timestamp="2021-04-07T17:43:44 IST" skipped="0">
  <testcase classname="Selenium.lambda.FormValidate" name="testScript" time="0.008"/>
  <system-out/>
</testsuite> <!-- Selenium.lambda.FormValidate -->
